<?xml version="1.0" encoding="UTF-8"?>
<!-- Generated by org.testng.reporters.JUnitXMLReporter -->
<testsuite ignored="2" hostname="DESKTOP-3BDQ997" failures="1" tests="2" name="Test" time="27.66" errors="0" timestamp="2025-03-04T12:09:41 IST">
  <testcase classname="testCases.Tc_001_AccountRegistrationTest" name="verify_account_registration" time="3.551"/>
  <testcase classname="testCases.Tc_002_LogInTest" name="verfiy_Login" time="0.088">
    <failure type="java.lang.AssertionError" message="null">
      <![CDATA[java.lang.AssertionError: null
at testCases.Tc_002_LogInTest.verfiy_Login(Tc_002_LogInTest.java:42)
at java.base/java.util.ArrayList.forEach(ArrayList.java:1597)
... Removed 27 stack frames]]>
    </failure>
  </testcase> <!-- verfiy_Login -->
  <testcase classname="testBase.BaseClass" name="@AfterTest tearDown" time="0.0">
    <ignored/>
  </testcase> <!-- @AfterTest tearDown -->
  <testcase classname="testBase.BaseClass" name="@BeforeTest setUp" time="0.0">
    <ignored/>
  </testcase> <!-- @BeforeTest setUp -->
</testsuite> <!-- Test -->
